dataframe for inst Bool[0, 1, 0, 0, 1, 1, 0] created!
dataframe for inst Bool[1, 1, 0, 0, 1, 0, 0] created!
dataframe for inst Bool[1, 1, 0, 0, 1, 1, 0] created!
dataframe for inst Bool[1, 1, 0, 0, 1, 1, 1] created!
dataframe for inst Bool[0, 1, 0, 1, 1, 0, 0] created!
dataframe for inst Bool[1, 1, 0, 1, 1, 1, 0] created!
dataframe for inst Bool[0, 1, 1, 1, 1, 0, 0] created!
dataframe for inst Bool[1, 1, 1, 0, 1, 1, 0] created!
dataframe for inst Bool[0, 1, 0, 1, 1, 1, 0] created!
dataframe for inst Bool[1, 1, 0, 0, 1, 0, 0] created!
dataframe for inst Bool[1, 0, 1, 1, 0, 1, 0] created!
dataframe for inst Bool[0, 1, 1, 1, 1, 1, 0] created!
dataframe for inst Bool[0, 1, 0, 0, 0, 1, 1] created!
dataframe for inst Bool[0, 1, 0, 0, 0, 1, 0] created!
dataframe for inst Bool[1, 0, 0, 1, 1, 1, 0] created!
dataframe for inst Bool[1, 1, 0, 1, 0, 1, 0] created!
dataframe for inst Bool[0, 1, 0, 1, 1, 1, 0] created!
dataframe for inst Bool[1, 1, 0, 1, 0, 0, 0] created!
dataframe for inst Bool[0, 1, 0, 0, 1, 1, 0] created!
dataframe for inst Bool[1, 1, 0, 0, 1, 1, 0] created!
dataframe for inst Bool[1, 1, 0, 1, 1, 0, 0] created!
dataframe for inst Bool[0, 1, 0, 1, 1, 1, 0] created!
dataframe for inst Bool[1, 1, 0, 1, 1, 0, 0] created!
dataframe for inst Bool[0, 1, 1, 1, 1, 0, 0] created!
dataframe for inst Bool[1, 0, 0, 1, 1, 1, 0] created!
dataframe for inst Bool[1, 0, 0, 1, 1, 1, 0] created!
dataframe for inst Bool[1, 0, 0, 1, 1, 0, 0] created!
dataframe for inst Bool[0, 1, 1, 1, 1, 1, 0] created!
dataframe for inst Bool[0, 1, 0, 0, 1, 1, 0] created!
dataframe for inst Bool[0, 1, 0, 0, 0, 1, 0] created!
dataframe for inst Bool[0, 1, 0, 1, 1, 0, 0] created!
dataframe for inst Bool[1, 0, 0, 0, 0, 1, 0] created!
dataframe for inst Bool[0, 1, 1, 0, 1, 0, 0] created!
dataframe for inst Bool[1, 0, 0, 1, 1, 0, 1] created!
dataframe for inst Bool[1, 0, 0, 1, 1, 0, 1] created!
dataframe for inst Bool[1, 0, 1, 1, 1, 0, 0] created!
dataframe for inst Bool[1, 0, 0, 1, 0, 1, 1] created!
dataframe for inst Bool[0, 1, 0, 1, 1, 1, 0] created!
dataframe for inst Bool[1, 0, 0, 1, 1, 1, 0] created!
dataframe for inst Bool[0, 1, 0, 1, 1, 1, 0] created!
dataframe for inst Bool[1, 0, 1, 1, 1, 1, 0] created!
dataframe for inst Bool[1, 0, 1, 1, 1, 1, 0] created!
dataframe for inst Bool[0, 1, 0, 1, 1, 0, 0] created!
dataframe for inst Bool[1, 1, 1, 1, 1, 0, 0] created!
dataframe for inst Bool[1, 0, 0, 0, 1, 1, 0] created!
dataframe for inst Bool[0, 1, 1, 1, 1, 1, 1] created!
dataframe for inst Bool[1, 0, 0, 0, 1, 1, 0] created!
dataframe for inst Bool[0, 1, 0, 0, 1, 0, 0] created!
dataframe for inst Bool[1, 1, 0, 1, 1, 0, 0] created!
dataframe for inst Bool[0, 1, 0, 1, 0, 1, 0] created!
dataframe for inst Bool[0, 1, 0, 1, 1, 0, 1] created!
dataframe for inst Bool[1, 1, 0, 0, 1, 1, 0] created!
dataframe for inst Bool[0, 1, 0, 1, 1, 1, 0] created!
dataframe for inst Bool[0, 1, 0, 1, 1, 1, 0] created!
dataframe for inst Bool[0, 1, 1, 0, 1, 0, 0] created!
dataframe for inst Bool[0, 1, 0, 0, 0, 1, 0] created!
dataframe for inst Bool[1, 1, 0, 0, 1, 1, 0] created!
dataframe for inst Bool[0, 1, 1, 1, 0, 0, 0] created!
dataframe for inst Bool[0, 1, 0, 0, 1, 1, 0] created!
dataframe for inst Bool[0, 1, 0, 1, 1, 1, 0] created!
dataframe for inst Bool[1, 1, 0, 1, 1, 0, 0] created!
dataframe for inst Bool[0, 1, 0, 0, 1, 1, 0] created!
dataframe for inst Bool[0, 1, 0, 0, 1, 0, 0] created!
dataframe for inst Bool[0, 1, 0, 1, 1, 1, 0] created!
dataframe for inst Bool[0, 1, 0, 1, 1, 0, 0] created!
dataframe for inst Bool[0, 1, 0, 1, 1, 0, 0] created!
dataframe for inst Bool[0, 1, 0, 1, 1, 0, 0] created!
dataframe for inst Bool[1, 1, 0, 1, 0, 1, 0] created!
dataframe for inst Bool[1, 0, 0, 1, 0, 1, 0] created!
dataframe for inst Bool[1, 0, 0, 1, 1, 1, 0] created!
dataframe for inst Bool[0, 1, 0, 1, 1, 1, 0] created!
dataframe for inst Bool[1, 1, 0, 1, 0, 1, 0] created!
dataframe for inst Bool[0, 1, 1, 1, 1, 1, 0] created!
dataframe for inst Bool[1, 0, 0, 1, 1, 1, 0] created!
dataframe for inst Bool[0, 1, 0, 1, 1, 1, 0] created!
dataframe for inst Bool[0, 1, 1, 1, 1, 1, 0] created!
dataframe for inst Bool[0, 1, 1, 1, 1, 0, 0] created!
dataframe for inst Bool[0, 1, 0, 0, 1, 0, 0] created!
dataframe for inst Bool[1, 1, 0, 1, 1, 0, 1] created!
dataframe for inst Bool[0, 1, 0, 1, 0, 1, 0] created!
dataframe for inst Bool[0, 1, 0, 1, 1, 0, 0] created!
dataframe for inst Bool[1, 0, 0, 1, 1, 0, 1] created!
dataframe for inst Bool[1, 0, 0, 1, 1, 1, 0] created!
dataframe for inst Bool[1, 0, 0, 0, 1, 1, 1] created!
dataframe for inst Bool[1, 0, 1, 1, 1, 0, 1] created!
dataframe for inst Bool[0, 1, 1, 1, 1, 0, 0] created!
dataframe for inst Bool[0, 1, 0, 1, 1, 1, 0] created!
dataframe for inst Bool[1, 0, 0, 1, 1, 1, 0] created!
dataframe for inst Bool[0, 1, 0, 1, 1, 1, 0] created!
dataframe for inst Bool[0, 1, 0, 0, 0, 0, 0] created!
dataframe for inst Bool[0, 1, 0, 0, 1, 1, 0] created!
dataframe for inst Bool[0, 1, 1, 1, 1, 1, 0] created!
dataframe for inst Bool[0, 1, 0, 1, 1, 0, 0] created!
dataframe for inst Bool[0, 1, 0, 1, 1, 1, 0] created!
dataframe for inst Bool[0, 1, 1, 0, 1, 0, 0] created!
dataframe for inst Bool[1, 1, 0, 0, 1, 1, 1] created!
dataframe for inst Bool[0, 1, 0, 0, 1, 0, 0] created!
dataframe for inst Bool[0, 1, 1, 0, 1, 0, 0] created!
dataframe for inst Bool[1, 1, 1, 1, 1, 0, 0] created!
dataframe for inst Bool[0, 1, 0, 0, 1, 0, 0] created!
writing 2_test.csv to - /Users/harshit/Documents/GitHub/generating-SE-insights/analysis/data/exp3/2_test.csv
dataframe for inst Bool[0, 1, 0, 0, 1, 1, 0] created!
dataframe for inst Bool[1, 1, 0, 0, 1, 0, 0] created!
dataframe for inst Bool[1, 1, 0, 0, 1, 1, 0] created!
dataframe for inst Bool[1, 1, 0, 0, 1, 1, 1] created!
dataframe for inst Bool[0, 1, 0, 1, 1, 0, 0] created!
dataframe for inst Bool[1, 1, 0, 1, 1, 1, 0] created!
dataframe for inst Bool[0, 1, 1, 1, 1, 0, 0] created!
dataframe for inst Bool[1, 1, 1, 0, 1, 1, 0] created!
dataframe for inst Bool[0, 1, 0, 1, 1, 1, 0] created!
dataframe for inst Bool[1, 1, 0, 0, 1, 0, 0] created!
dataframe for inst Bool[1, 0, 1, 1, 0, 1, 0] created!
dataframe for inst Bool[0, 1, 1, 1, 1, 1, 0] created!
dataframe for inst Bool[0, 1, 0, 0, 0, 1, 1] created!
dataframe for inst Bool[0, 1, 0, 0, 0, 1, 0] created!
dataframe for inst Bool[1, 0, 0, 1, 1, 1, 0] created!
dataframe for inst Bool[1, 1, 0, 1, 0, 1, 0] created!
dataframe for inst Bool[0, 1, 0, 1, 1, 1, 0] created!
dataframe for inst Bool[1, 1, 0, 1, 0, 0, 0] created!
dataframe for inst Bool[0, 1, 0, 0, 1, 1, 0] created!
dataframe for inst Bool[1, 1, 0, 0, 1, 1, 0] created!
dataframe for inst Bool[1, 1, 0, 1, 1, 0, 0] created!
dataframe for inst Bool[0, 1, 0, 1, 1, 1, 0] created!
dataframe for inst Bool[1, 1, 0, 1, 1, 0, 0] created!
dataframe for inst Bool[0, 1, 1, 1, 1, 0, 0] created!
dataframe for inst Bool[1, 0, 0, 1, 1, 1, 0] created!
dataframe for inst Bool[1, 0, 0, 1, 1, 1, 0] created!
dataframe for inst Bool[1, 0, 0, 1, 1, 0, 0] created!
dataframe for inst Bool[0, 1, 1, 1, 1, 1, 0] created!
dataframe for inst Bool[0, 1, 0, 0, 1, 1, 0] created!
dataframe for inst Bool[0, 1, 0, 0, 0, 1, 0] created!
dataframe for inst Bool[0, 1, 0, 1, 1, 0, 0] created!
dataframe for inst Bool[1, 0, 0, 0, 0, 1, 0] created!
dataframe for inst Bool[0, 1, 1, 0, 1, 0, 0] created!
dataframe for inst Bool[1, 0, 0, 1, 1, 0, 1] created!
dataframe for inst Bool[1, 0, 0, 1, 1, 0, 1] created!
dataframe for inst Bool[1, 0, 1, 1, 1, 0, 0] created!
dataframe for inst Bool[1, 0, 0, 1, 0, 1, 1] created!
dataframe for inst Bool[0, 1, 0, 1, 1, 1, 0] created!
dataframe for inst Bool[1, 0, 0, 1, 1, 1, 0] created!
dataframe for inst Bool[0, 1, 0, 1, 1, 1, 0] created!
dataframe for inst Bool[1, 0, 1, 1, 1, 1, 0] created!
dataframe for inst Bool[1, 0, 1, 1, 1, 1, 0] created!
dataframe for inst Bool[0, 1, 0, 1, 1, 0, 0] created!
dataframe for inst Bool[1, 1, 1, 1, 1, 0, 0] created!
dataframe for inst Bool[1, 0, 0, 0, 1, 1, 0] created!
dataframe for inst Bool[0, 1, 1, 1, 1, 1, 1] created!
dataframe for inst Bool[1, 0, 0, 0, 1, 1, 0] created!
dataframe for inst Bool[0, 1, 0, 0, 1, 0, 0] created!
dataframe for inst Bool[1, 1, 0, 1, 1, 0, 0] created!
dataframe for inst Bool[0, 1, 0, 1, 0, 1, 0] created!
dataframe for inst Bool[0, 1, 0, 1, 1, 0, 1] created!
dataframe for inst Bool[1, 1, 0, 0, 1, 1, 0] created!
dataframe for inst Bool[0, 1, 0, 1, 1, 1, 0] created!
dataframe for inst Bool[0, 1, 0, 1, 1, 1, 0] created!
dataframe for inst Bool[0, 1, 1, 0, 1, 0, 0] created!
dataframe for inst Bool[0, 1, 0, 0, 0, 1, 0] created!
dataframe for inst Bool[1, 1, 0, 0, 1, 1, 0] created!
dataframe for inst Bool[0, 1, 1, 1, 0, 0, 0] created!
dataframe for inst Bool[0, 1, 0, 0, 1, 1, 0] created!
dataframe for inst Bool[0, 1, 0, 1, 1, 1, 0] created!
dataframe for inst Bool[1, 1, 0, 1, 1, 0, 0] created!
dataframe for inst Bool[0, 1, 0, 0, 1, 1, 0] created!
dataframe for inst Bool[0, 1, 0, 0, 1, 0, 0] created!
dataframe for inst Bool[0, 1, 0, 1, 1, 1, 0] created!
dataframe for inst Bool[0, 1, 0, 1, 1, 0, 0] created!
dataframe for inst Bool[0, 1, 0, 1, 1, 0, 0] created!
dataframe for inst Bool[0, 1, 0, 1, 1, 0, 0] created!
dataframe for inst Bool[1, 1, 0, 1, 0, 1, 0] created!
dataframe for inst Bool[1, 0, 0, 1, 0, 1, 0] created!
dataframe for inst Bool[1, 0, 0, 1, 1, 1, 0] created!
dataframe for inst Bool[0, 1, 0, 1, 1, 1, 0] created!
dataframe for inst Bool[1, 1, 0, 1, 0, 1, 0] created!
dataframe for inst Bool[0, 1, 1, 1, 1, 1, 0] created!
dataframe for inst Bool[1, 0, 0, 1, 1, 1, 0] created!
dataframe for inst Bool[0, 1, 0, 1, 1, 1, 0] created!
dataframe for inst Bool[0, 1, 1, 1, 1, 1, 0] created!
dataframe for inst Bool[0, 1, 1, 1, 1, 0, 0] created!
dataframe for inst Bool[0, 1, 0, 0, 1, 0, 0] created!
dataframe for inst Bool[1, 1, 0, 1, 1, 0, 1] created!
dataframe for inst Bool[0, 1, 0, 1, 0, 1, 0] created!
dataframe for inst Bool[0, 1, 0, 1, 1, 0, 0] created!
dataframe for inst Bool[1, 0, 0, 1, 1, 0, 1] created!
dataframe for inst Bool[1, 0, 0, 1, 1, 1, 0] created!
dataframe for inst Bool[1, 0, 0, 0, 1, 1, 1] created!
dataframe for inst Bool[1, 0, 1, 1, 1, 0, 1] created!
dataframe for inst Bool[0, 1, 1, 1, 1, 0, 0] created!
dataframe for inst Bool[0, 1, 0, 1, 1, 1, 0] created!
dataframe for inst Bool[1, 0, 0, 1, 1, 1, 0] created!
dataframe for inst Bool[0, 1, 0, 1, 1, 1, 0] created!
dataframe for inst Bool[0, 1, 0, 0, 0, 0, 0] created!
dataframe for inst Bool[0, 1, 0, 0, 1, 1, 0] created!
dataframe for inst Bool[0, 1, 1, 1, 1, 1, 0] created!
dataframe for inst Bool[0, 1, 0, 1, 1, 0, 0] created!
dataframe for inst Bool[0, 1, 0, 1, 1, 1, 0] created!
dataframe for inst Bool[0, 1, 1, 0, 1, 0, 0] created!
dataframe for inst Bool[1, 1, 0, 0, 1, 1, 1] created!
dataframe for inst Bool[0, 1, 0, 0, 1, 0, 0] created!
dataframe for inst Bool[0, 1, 1, 0, 1, 0, 0] created!
dataframe for inst Bool[1, 1, 1, 1, 1, 0, 0] created!
dataframe for inst Bool[0, 1, 0, 0, 1, 0, 0] created!
writing 3_test.csv to - /Users/harshit/Documents/GitHub/generating-SE-insights/analysis/data/exp3/3_test.csv
dataframe for inst Bool[0, 1, 0, 0, 1, 1, 0] created!
dataframe for inst Bool[1, 1, 0, 0, 1, 0, 0] created!
dataframe for inst Bool[1, 1, 0, 0, 1, 1, 0] created!
dataframe for inst Bool[1, 1, 0, 0, 1, 1, 1] created!
dataframe for inst Bool[0, 1, 0, 1, 1, 0, 0] created!
dataframe for inst Bool[1, 1, 0, 1, 1, 1, 0] created!
dataframe for inst Bool[0, 1, 1, 1, 1, 0, 0] created!
dataframe for inst Bool[1, 1, 1, 0, 1, 1, 0] created!
dataframe for inst Bool[0, 1, 0, 1, 1, 1, 0] created!
dataframe for inst Bool[1, 1, 0, 0, 1, 0, 0] created!
dataframe for inst Bool[1, 0, 1, 1, 0, 1, 0] created!
dataframe for inst Bool[0, 1, 1, 1, 1, 1, 0] created!
dataframe for inst Bool[0, 1, 0, 0, 0, 1, 1] created!
dataframe for inst Bool[0, 1, 0, 0, 0, 1, 0] created!
dataframe for inst Bool[1, 0, 0, 1, 1, 1, 0] created!
dataframe for inst Bool[1, 1, 0, 1, 0, 1, 0] created!
dataframe for inst Bool[0, 1, 0, 1, 1, 1, 0] created!
dataframe for inst Bool[1, 1, 0, 1, 0, 0, 0] created!
dataframe for inst Bool[0, 1, 0, 0, 1, 1, 0] created!
dataframe for inst Bool[1, 1, 0, 0, 1, 1, 0] created!
dataframe for inst Bool[1, 1, 0, 1, 1, 0, 0] created!
dataframe for inst Bool[0, 1, 0, 1, 1, 1, 0] created!
dataframe for inst Bool[1, 1, 0, 1, 1, 0, 0] created!
dataframe for inst Bool[0, 1, 1, 1, 1, 0, 0] created!
dataframe for inst Bool[1, 0, 0, 1, 1, 1, 0] created!
dataframe for inst Bool[1, 0, 0, 1, 1, 1, 0] created!
dataframe for inst Bool[1, 0, 0, 1, 1, 0, 0] created!
dataframe for inst Bool[0, 1, 1, 1, 1, 1, 0] created!
dataframe for inst Bool[0, 1, 0, 0, 1, 1, 0] created!
dataframe for inst Bool[0, 1, 0, 0, 0, 1, 0] created!
dataframe for inst Bool[0, 1, 0, 1, 1, 0, 0] created!
dataframe for inst Bool[1, 0, 0, 0, 0, 1, 0] created!
dataframe for inst Bool[0, 1, 1, 0, 1, 0, 0] created!
dataframe for inst Bool[1, 0, 0, 1, 1, 0, 1] created!
dataframe for inst Bool[1, 0, 0, 1, 1, 0, 1] created!
dataframe for inst Bool[1, 0, 1, 1, 1, 0, 0] created!
dataframe for inst Bool[1, 0, 0, 1, 0, 1, 1] created!
dataframe for inst Bool[0, 1, 0, 1, 1, 1, 0] created!
dataframe for inst Bool[1, 0, 0, 1, 1, 1, 0] created!
dataframe for inst Bool[0, 1, 0, 1, 1, 1, 0] created!
dataframe for inst Bool[1, 0, 1, 1, 1, 1, 0] created!
dataframe for inst Bool[1, 0, 1, 1, 1, 1, 0] created!
dataframe for inst Bool[0, 1, 0, 1, 1, 0, 0] created!
dataframe for inst Bool[1, 1, 1, 1, 1, 0, 0] created!
dataframe for inst Bool[1, 0, 0, 0, 1, 1, 0] created!
dataframe for inst Bool[0, 1, 1, 1, 1, 1, 1] created!
dataframe for inst Bool[1, 0, 0, 0, 1, 1, 0] created!
dataframe for inst Bool[0, 1, 0, 0, 1, 0, 0] created!
dataframe for inst Bool[1, 1, 0, 1, 1, 0, 0] created!
dataframe for inst Bool[0, 1, 0, 1, 0, 1, 0] created!
dataframe for inst Bool[0, 1, 0, 1, 1, 0, 1] created!
dataframe for inst Bool[1, 1, 0, 0, 1, 1, 0] created!
dataframe for inst Bool[0, 1, 0, 1, 1, 1, 0] created!
dataframe for inst Bool[0, 1, 0, 1, 1, 1, 0] created!
dataframe for inst Bool[0, 1, 1, 0, 1, 0, 0] created!
dataframe for inst Bool[0, 1, 0, 0, 0, 1, 0] created!
dataframe for inst Bool[1, 1, 0, 0, 1, 1, 0] created!
dataframe for inst Bool[0, 1, 1, 1, 0, 0, 0] created!
dataframe for inst Bool[0, 1, 0, 0, 1, 1, 0] created!
dataframe for inst Bool[0, 1, 0, 1, 1, 1, 0] created!
dataframe for inst Bool[1, 1, 0, 1, 1, 0, 0] created!
dataframe for inst Bool[0, 1, 0, 0, 1, 1, 0] created!
dataframe for inst Bool[0, 1, 0, 0, 1, 0, 0] created!
dataframe for inst Bool[0, 1, 0, 1, 1, 1, 0] created!
dataframe for inst Bool[0, 1, 0, 1, 1, 0, 0] created!
dataframe for inst Bool[0, 1, 0, 1, 1, 0, 0] created!
dataframe for inst Bool[0, 1, 0, 1, 1, 0, 0] created!
dataframe for inst Bool[1, 1, 0, 1, 0, 1, 0] created!
dataframe for inst Bool[1, 0, 0, 1, 0, 1, 0] created!
dataframe for inst Bool[1, 0, 0, 1, 1, 1, 0] created!
dataframe for inst Bool[0, 1, 0, 1, 1, 1, 0] created!
dataframe for inst Bool[1, 1, 0, 1, 0, 1, 0] created!
dataframe for inst Bool[0, 1, 1, 1, 1, 1, 0] created!
dataframe for inst Bool[1, 0, 0, 1, 1, 1, 0] created!
dataframe for inst Bool[0, 1, 0, 1, 1, 1, 0] created!
dataframe for inst Bool[0, 1, 1, 1, 1, 1, 0] created!
dataframe for inst Bool[0, 1, 1, 1, 1, 0, 0] created!
dataframe for inst Bool[0, 1, 0, 0, 1, 0, 0] created!
dataframe for inst Bool[1, 1, 0, 1, 1, 0, 1] created!
dataframe for inst Bool[0, 1, 0, 1, 0, 1, 0] created!
dataframe for inst Bool[0, 1, 0, 1, 1, 0, 0] created!
dataframe for inst Bool[1, 0, 0, 1, 1, 0, 1] created!
dataframe for inst Bool[1, 0, 0, 1, 1, 1, 0] created!
dataframe for inst Bool[1, 0, 0, 0, 1, 1, 1] created!
dataframe for inst Bool[1, 0, 1, 1, 1, 0, 1] created!
dataframe for inst Bool[0, 1, 1, 1, 1, 0, 0] created!
dataframe for inst Bool[0, 1, 0, 1, 1, 1, 0] created!
dataframe for inst Bool[1, 0, 0, 1, 1, 1, 0] created!
dataframe for inst Bool[0, 1, 0, 1, 1, 1, 0] created!
dataframe for inst Bool[0, 1, 0, 0, 0, 0, 0] created!
dataframe for inst Bool[0, 1, 0, 0, 1, 1, 0] created!
dataframe for inst Bool[0, 1, 1, 1, 1, 1, 0] created!
dataframe for inst Bool[0, 1, 0, 1, 1, 0, 0] created!
dataframe for inst Bool[0, 1, 0, 1, 1, 1, 0] created!
dataframe for inst Bool[0, 1, 1, 0, 1, 0, 0] created!
dataframe for inst Bool[1, 1, 0, 0, 1, 1, 1] created!
dataframe for inst Bool[0, 1, 0, 0, 1, 0, 0] created!
dataframe for inst Bool[0, 1, 1, 0, 1, 0, 0] created!
dataframe for inst Bool[1, 1, 1, 1, 1, 0, 0] created!
dataframe for inst Bool[0, 1, 0, 0, 1, 0, 0] created!
writing 4_test.csv to - /Users/harshit/Documents/GitHub/generating-SE-insights/analysis/data/exp3/4_test.csv
dataframe for inst Bool[0, 1, 0, 0, 1, 1, 0] created!
dataframe for inst Bool[1, 1, 0, 0, 1, 0, 0] created!
dataframe for inst Bool[1, 1, 0, 0, 1, 1, 0] created!
dataframe for inst Bool[1, 1, 0, 0, 1, 1, 1] created!
dataframe for inst Bool[0, 1, 0, 1, 1, 0, 0] created!
dataframe for inst Bool[1, 1, 0, 1, 1, 1, 0] created!
dataframe for inst Bool[0, 1, 1, 1, 1, 0, 0] created!
dataframe for inst Bool[1, 1, 1, 0, 1, 1, 0] created!
dataframe for inst Bool[0, 1, 0, 1, 1, 1, 0] created!
dataframe for inst Bool[1, 1, 0, 0, 1, 0, 0] created!
dataframe for inst Bool[1, 0, 1, 1, 0, 1, 0] created!
dataframe for inst Bool[0, 1, 1, 1, 1, 1, 0] created!
dataframe for inst Bool[0, 1, 0, 0, 0, 1, 1] created!
dataframe for inst Bool[0, 1, 0, 0, 0, 1, 0] created!
dataframe for inst Bool[1, 0, 0, 1, 1, 1, 0] created!
dataframe for inst Bool[1, 1, 0, 1, 0, 1, 0] created!
dataframe for inst Bool[0, 1, 0, 1, 1, 1, 0] created!
dataframe for inst Bool[1, 1, 0, 1, 0, 0, 0] created!
dataframe for inst Bool[0, 1, 0, 0, 1, 1, 0] created!
dataframe for inst Bool[1, 1, 0, 0, 1, 1, 0] created!
dataframe for inst Bool[1, 1, 0, 1, 1, 0, 0] created!
dataframe for inst Bool[0, 1, 0, 1, 1, 1, 0] created!
dataframe for inst Bool[1, 1, 0, 1, 1, 0, 0] created!
dataframe for inst Bool[0, 1, 1, 1, 1, 0, 0] created!
dataframe for inst Bool[1, 0, 0, 1, 1, 1, 0] created!
dataframe for inst Bool[1, 0, 0, 1, 1, 1, 0] created!
dataframe for inst Bool[1, 0, 0, 1, 1, 0, 0] created!
dataframe for inst Bool[0, 1, 1, 1, 1, 1, 0] created!
dataframe for inst Bool[0, 1, 0, 0, 1, 1, 0] created!
dataframe for inst Bool[0, 1, 0, 0, 0, 1, 0] created!
dataframe for inst Bool[0, 1, 0, 1, 1, 0, 0] created!
dataframe for inst Bool[1, 0, 0, 0, 0, 1, 0] created!
dataframe for inst Bool[0, 1, 1, 0, 1, 0, 0] created!
dataframe for inst Bool[1, 0, 0, 1, 1, 0, 1] created!
dataframe for inst Bool[1, 0, 0, 1, 1, 0, 1] created!
dataframe for inst Bool[1, 0, 1, 1, 1, 0, 0] created!
dataframe for inst Bool[1, 0, 0, 1, 0, 1, 1] created!
dataframe for inst Bool[0, 1, 0, 1, 1, 1, 0] created!
dataframe for inst Bool[1, 0, 0, 1, 1, 1, 0] created!
dataframe for inst Bool[0, 1, 0, 1, 1, 1, 0] created!
dataframe for inst Bool[1, 0, 1, 1, 1, 1, 0] created!
dataframe for inst Bool[1, 0, 1, 1, 1, 1, 0] created!
dataframe for inst Bool[0, 1, 0, 1, 1, 0, 0] created!
dataframe for inst Bool[1, 1, 1, 1, 1, 0, 0] created!
dataframe for inst Bool[1, 0, 0, 0, 1, 1, 0] created!
dataframe for inst Bool[0, 1, 1, 1, 1, 1, 1] created!
dataframe for inst Bool[1, 0, 0, 0, 1, 1, 0] created!
dataframe for inst Bool[0, 1, 0, 0, 1, 0, 0] created!
dataframe for inst Bool[1, 1, 0, 1, 1, 0, 0] created!
dataframe for inst Bool[0, 1, 0, 1, 0, 1, 0] created!
dataframe for inst Bool[0, 1, 0, 1, 1, 0, 1] created!
dataframe for inst Bool[1, 1, 0, 0, 1, 1, 0] created!
dataframe for inst Bool[0, 1, 0, 1, 1, 1, 0] created!
dataframe for inst Bool[0, 1, 0, 1, 1, 1, 0] created!
dataframe for inst Bool[0, 1, 1, 0, 1, 0, 0] created!
dataframe for inst Bool[0, 1, 0, 0, 0, 1, 0] created!
dataframe for inst Bool[1, 1, 0, 0, 1, 1, 0] created!
dataframe for inst Bool[0, 1, 1, 1, 0, 0, 0] created!
dataframe for inst Bool[0, 1, 0, 0, 1, 1, 0] created!
dataframe for inst Bool[0, 1, 0, 1, 1, 1, 0] created!
dataframe for inst Bool[1, 1, 0, 1, 1, 0, 0] created!
dataframe for inst Bool[0, 1, 0, 0, 1, 1, 0] created!
dataframe for inst Bool[0, 1, 0, 0, 1, 0, 0] created!
dataframe for inst Bool[0, 1, 0, 1, 1, 1, 0] created!
dataframe for inst Bool[0, 1, 0, 1, 1, 0, 0] created!
dataframe for inst Bool[0, 1, 0, 1, 1, 0, 0] created!
dataframe for inst Bool[0, 1, 0, 1, 1, 0, 0] created!
dataframe for inst Bool[1, 1, 0, 1, 0, 1, 0] created!
dataframe for inst Bool[1, 0, 0, 1, 0, 1, 0] created!
dataframe for inst Bool[1, 0, 0, 1, 1, 1, 0] created!
dataframe for inst Bool[0, 1, 0, 1, 1, 1, 0] created!
dataframe for inst Bool[1, 1, 0, 1, 0, 1, 0] created!
dataframe for inst Bool[0, 1, 1, 1, 1, 1, 0] created!
dataframe for inst Bool[1, 0, 0, 1, 1, 1, 0] created!
dataframe for inst Bool[0, 1, 0, 1, 1, 1, 0] created!
dataframe for inst Bool[0, 1, 1, 1, 1, 1, 0] created!
dataframe for inst Bool[0, 1, 1, 1, 1, 0, 0] created!
dataframe for inst Bool[0, 1, 0, 0, 1, 0, 0] created!
dataframe for inst Bool[1, 1, 0, 1, 1, 0, 1] created!
dataframe for inst Bool[0, 1, 0, 1, 0, 1, 0] created!
dataframe for inst Bool[0, 1, 0, 1, 1, 0, 0] created!
dataframe for inst Bool[1, 0, 0, 1, 1, 0, 1] created!
dataframe for inst Bool[1, 0, 0, 1, 1, 1, 0] created!
dataframe for inst Bool[1, 0, 0, 0, 1, 1, 1] created!
dataframe for inst Bool[1, 0, 1, 1, 1, 0, 1] created!
dataframe for inst Bool[0, 1, 1, 1, 1, 0, 0] created!
dataframe for inst Bool[0, 1, 0, 1, 1, 1, 0] created!
dataframe for inst Bool[1, 0, 0, 1, 1, 1, 0] created!
dataframe for inst Bool[0, 1, 0, 1, 1, 1, 0] created!
dataframe for inst Bool[0, 1, 0, 0, 0, 0, 0] created!
dataframe for inst Bool[0, 1, 0, 0, 1, 1, 0] created!
dataframe for inst Bool[0, 1, 1, 1, 1, 1, 0] created!
dataframe for inst Bool[0, 1, 0, 1, 1, 0, 0] created!
dataframe for inst Bool[0, 1, 0, 1, 1, 1, 0] created!
dataframe for inst Bool[0, 1, 1, 0, 1, 0, 0] created!
dataframe for inst Bool[1, 1, 0, 0, 1, 1, 1] created!
dataframe for inst Bool[0, 1, 0, 0, 1, 0, 0] created!
dataframe for inst Bool[0, 1, 1, 0, 1, 0, 0] created!
dataframe for inst Bool[1, 1, 1, 1, 1, 0, 0] created!
dataframe for inst Bool[0, 1, 0, 0, 1, 0, 0] created!
writing 5_test.csv to - /Users/harshit/Documents/GitHub/generating-SE-insights/analysis/data/exp3/5_test.csv
dataframe for inst Bool[0, 1, 0, 0, 1, 1, 0] created!
dataframe for inst Bool[1, 1, 0, 0, 1, 0, 0] created!
dataframe for inst Bool[1, 1, 0, 0, 1, 1, 0] created!
dataframe for inst Bool[1, 1, 0, 0, 1, 1, 1] created!
dataframe for inst Bool[0, 1, 0, 1, 1, 0, 0] created!
dataframe for inst Bool[1, 1, 0, 1, 1, 1, 0] created!
dataframe for inst Bool[0, 1, 1, 1, 1, 0, 0] created!
dataframe for inst Bool[1, 1, 1, 0, 1, 1, 0] created!
dataframe for inst Bool[0, 1, 0, 1, 1, 1, 0] created!
dataframe for inst Bool[1, 1, 0, 0, 1, 0, 0] created!
dataframe for inst Bool[1, 0, 1, 1, 0, 1, 0] created!
dataframe for inst Bool[0, 1, 1, 1, 1, 1, 0] created!
dataframe for inst Bool[0, 1, 0, 0, 0, 1, 1] created!
dataframe for inst Bool[0, 1, 0, 0, 0, 1, 0] created!
dataframe for inst Bool[1, 0, 0, 1, 1, 1, 0] created!
dataframe for inst Bool[1, 1, 0, 1, 0, 1, 0] created!
dataframe for inst Bool[0, 1, 0, 1, 1, 1, 0] created!
dataframe for inst Bool[1, 1, 0, 1, 0, 0, 0] created!
dataframe for inst Bool[0, 1, 0, 0, 1, 1, 0] created!
dataframe for inst Bool[1, 1, 0, 0, 1, 1, 0] created!
dataframe for inst Bool[1, 1, 0, 1, 1, 0, 0] created!
dataframe for inst Bool[0, 1, 0, 1, 1, 1, 0] created!
dataframe for inst Bool[1, 1, 0, 1, 1, 0, 0] created!
dataframe for inst Bool[0, 1, 1, 1, 1, 0, 0] created!
dataframe for inst Bool[1, 0, 0, 1, 1, 1, 0] created!
dataframe for inst Bool[1, 0, 0, 1, 1, 1, 0] created!
dataframe for inst Bool[1, 0, 0, 1, 1, 0, 0] created!
dataframe for inst Bool[0, 1, 1, 1, 1, 1, 0] created!
dataframe for inst Bool[0, 1, 0, 0, 1, 1, 0] created!
dataframe for inst Bool[0, 1, 0, 0, 0, 1, 0] created!
dataframe for inst Bool[0, 1, 0, 1, 1, 0, 0] created!
dataframe for inst Bool[1, 0, 0, 0, 0, 1, 0] created!
dataframe for inst Bool[0, 1, 1, 0, 1, 0, 0] created!
dataframe for inst Bool[1, 0, 0, 1, 1, 0, 1] created!
dataframe for inst Bool[1, 0, 0, 1, 1, 0, 1] created!
dataframe for inst Bool[1, 0, 1, 1, 1, 0, 0] created!
dataframe for inst Bool[1, 0, 0, 1, 0, 1, 1] created!
dataframe for inst Bool[0, 1, 0, 1, 1, 1, 0] created!
dataframe for inst Bool[1, 0, 0, 1, 1, 1, 0] created!
dataframe for inst Bool[0, 1, 0, 1, 1, 1, 0] created!
dataframe for inst Bool[1, 0, 1, 1, 1, 1, 0] created!
dataframe for inst Bool[1, 0, 1, 1, 1, 1, 0] created!
dataframe for inst Bool[0, 1, 0, 1, 1, 0, 0] created!
dataframe for inst Bool[1, 1, 1, 1, 1, 0, 0] created!
dataframe for inst Bool[1, 0, 0, 0, 1, 1, 0] created!
dataframe for inst Bool[0, 1, 1, 1, 1, 1, 1] created!
dataframe for inst Bool[1, 0, 0, 0, 1, 1, 0] created!
dataframe for inst Bool[0, 1, 0, 0, 1, 0, 0] created!
dataframe for inst Bool[1, 1, 0, 1, 1, 0, 0] created!
dataframe for inst Bool[0, 1, 0, 1, 0, 1, 0] created!
dataframe for inst Bool[0, 1, 0, 1, 1, 0, 1] created!
dataframe for inst Bool[1, 1, 0, 0, 1, 1, 0] created!
dataframe for inst Bool[0, 1, 0, 1, 1, 1, 0] created!
dataframe for inst Bool[0, 1, 0, 1, 1, 1, 0] created!
dataframe for inst Bool[0, 1, 1, 0, 1, 0, 0] created!
dataframe for inst Bool[0, 1, 0, 0, 0, 1, 0] created!
dataframe for inst Bool[1, 1, 0, 0, 1, 1, 0] created!
dataframe for inst Bool[0, 1, 1, 1, 0, 0, 0] created!
dataframe for inst Bool[0, 1, 0, 0, 1, 1, 0] created!
dataframe for inst Bool[0, 1, 0, 1, 1, 1, 0] created!
dataframe for inst Bool[1, 1, 0, 1, 1, 0, 0] created!
dataframe for inst Bool[0, 1, 0, 0, 1, 1, 0] created!
dataframe for inst Bool[0, 1, 0, 0, 1, 0, 0] created!
dataframe for inst Bool[0, 1, 0, 1, 1, 1, 0] created!
dataframe for inst Bool[0, 1, 0, 1, 1, 0, 0] created!
dataframe for inst Bool[0, 1, 0, 1, 1, 0, 0] created!
dataframe for inst Bool[0, 1, 0, 1, 1, 0, 0] created!
dataframe for inst Bool[1, 1, 0, 1, 0, 1, 0] created!
dataframe for inst Bool[1, 0, 0, 1, 0, 1, 0] created!
dataframe for inst Bool[1, 0, 0, 1, 1, 1, 0] created!
dataframe for inst Bool[0, 1, 0, 1, 1, 1, 0] created!
dataframe for inst Bool[1, 1, 0, 1, 0, 1, 0] created!
dataframe for inst Bool[0, 1, 1, 1, 1, 1, 0] created!
dataframe for inst Bool[1, 0, 0, 1, 1, 1, 0] created!
dataframe for inst Bool[0, 1, 0, 1, 1, 1, 0] created!
dataframe for inst Bool[0, 1, 1, 1, 1, 1, 0] created!
dataframe for inst Bool[0, 1, 1, 1, 1, 0, 0] created!
dataframe for inst Bool[0, 1, 0, 0, 1, 0, 0] created!
dataframe for inst Bool[1, 1, 0, 1, 1, 0, 1] created!
dataframe for inst Bool[0, 1, 0, 1, 0, 1, 0] created!
dataframe for inst Bool[0, 1, 0, 1, 1, 0, 0] created!
dataframe for inst Bool[1, 0, 0, 1, 1, 0, 1] created!
dataframe for inst Bool[1, 0, 0, 1, 1, 1, 0] created!
dataframe for inst Bool[1, 0, 0, 0, 1, 1, 1] created!
dataframe for inst Bool[1, 0, 1, 1, 1, 0, 1] created!
dataframe for inst Bool[0, 1, 1, 1, 1, 0, 0] created!
dataframe for inst Bool[0, 1, 0, 1, 1, 1, 0] created!
dataframe for inst Bool[1, 0, 0, 1, 1, 1, 0] created!
dataframe for inst Bool[0, 1, 0, 1, 1, 1, 0] created!
dataframe for inst Bool[0, 1, 0, 0, 0, 0, 0] created!
dataframe for inst Bool[0, 1, 0, 0, 1, 1, 0] created!
dataframe for inst Bool[0, 1, 1, 1, 1, 1, 0] created!
dataframe for inst Bool[0, 1, 0, 1, 1, 0, 0] created!
dataframe for inst Bool[0, 1, 0, 1, 1, 1, 0] created!
dataframe for inst Bool[0, 1, 1, 0, 1, 0, 0] created!
dataframe for inst Bool[1, 1, 0, 0, 1, 1, 1] created!
dataframe for inst Bool[0, 1, 0, 0, 1, 0, 0] created!
dataframe for inst Bool[0, 1, 1, 0, 1, 0, 0] created!
dataframe for inst Bool[1, 1, 1, 1, 1, 0, 0] created!
dataframe for inst Bool[0, 1, 0, 0, 1, 0, 0] created!
writing 6_test.csv to - /Users/harshit/Documents/GitHub/generating-SE-insights/analysis/data/exp3/6_test.csv
created dfs for each k in k_list
Calling predict all se for k = 2 Nlat
returned from predict all se for k = 2 Nlat
Calling predict all se for k = 3 Nlat
returned from predict all se for k = 3 Nlat
Calling predict all se for k = 4 Nlat
returned from predict all se for k = 4 Nlat
Calling predict all se for k = 5 Nlat
returned from predict all se for k = 5 Nlat
Calling predict all se for k = 6 Nlat
returned from predict all se for k = 6 Nlat
Calling predict all se for k = 2 Nlat
returned from predict all se for k = 2 Nlat
Calling predict all se for k = 3 Nlat
returned from predict all se for k = 3 Nlat
Calling predict all se for k = 4 Nlat
returned from predict all se for k = 4 Nlat
Calling predict all se for k = 5 Nlat
returned from predict all se for k = 5 Nlat
Calling predict all se for k = 6 Nlat
returned from predict all se for k = 6 Nlat
