dataframe for inst Bool[1, 0, 0, 1, 1, 0, 1] created!
dataframe for inst Bool[1, 1, 0, 1, 1, 0, 0] created!
dataframe for inst Bool[0, 1, 1, 1, 1, 0, 0] created!
dataframe for inst Bool[1, 0, 0, 1, 1, 1, 0] created!
dataframe for inst Bool[0, 1, 0, 0, 1, 0, 0] created!
dataframe for inst Bool[0, 1, 0, 1, 1, 0, 0] created!
dataframe for inst Bool[1, 0, 1, 1, 1, 0, 1] created!
dataframe for inst Bool[1, 0, 0, 1, 0, 1, 0] created!
dataframe for inst Bool[1, 1, 0, 1, 1, 1, 0] created!
dataframe for inst Bool[1, 0, 0, 1, 1, 1, 0] created!
dataframe for inst Bool[1, 0, 0, 1, 1, 0, 1] created!
dataframe for inst Bool[1, 0, 1, 1, 1, 0, 0] created!
dataframe for inst Bool[1, 0, 0, 1, 1, 1, 1] created!
dataframe for inst Bool[1, 1, 0, 0, 0, 1, 1] created!
dataframe for inst Bool[1, 0, 0, 1, 1, 0, 0] created!
dataframe for inst Bool[1, 0, 0, 1, 1, 0, 0] created!
dataframe for inst Bool[0, 1, 1, 1, 1, 0, 0] created!
dataframe for inst Bool[1, 1, 1, 1, 1, 0, 0] created!
dataframe for inst Bool[0, 1, 0, 0, 1, 1, 0] created!
dataframe for inst Bool[1, 0, 0, 0, 1, 1, 0] created!
dataframe for inst Bool[1, 0, 1, 1, 1, 1, 0] created!
dataframe for inst Bool[0, 1, 0, 1, 1, 1, 0] created!
dataframe for inst Bool[1, 1, 0, 1, 0, 1, 0] created!
dataframe for inst Bool[1, 0, 0, 1, 1, 0, 1] created!
dataframe for inst Bool[1, 0, 0, 0, 1, 0, 0] created!
dataframe for inst Bool[0, 1, 1, 1, 1, 0, 0] created!
dataframe for inst Bool[1, 0, 0, 0, 1, 0, 0] created!
dataframe for inst Bool[0, 1, 1, 1, 1, 1, 0] created!
dataframe for inst Bool[0, 1, 0, 1, 1, 0, 0] created!
dataframe for inst Bool[1, 1, 0, 0, 1, 0, 0] created!
dataframe for inst Bool[0, 1, 0, 0, 1, 0, 1] created!
dataframe for inst Bool[1, 0, 0, 0, 1, 1, 0] created!
dataframe for inst Bool[1, 0, 0, 0, 1, 1, 0] created!
dataframe for inst Bool[0, 1, 1, 1, 0, 0, 0] created!
dataframe for inst Bool[0, 1, 0, 1, 1, 1, 1] created!
dataframe for inst Bool[1, 0, 0, 1, 1, 0, 0] created!
dataframe for inst Bool[1, 1, 0, 1, 1, 1, 0] created!
dataframe for inst Bool[0, 0, 1, 1, 1, 0, 0] created!
dataframe for inst Bool[0, 1, 0, 1, 0, 1, 0] created!
dataframe for inst Bool[0, 1, 1, 1, 1, 0, 0] created!
dataframe for inst Bool[1, 1, 0, 1, 1, 0, 0] created!
dataframe for inst Bool[1, 0, 0, 1, 0, 1, 1] created!
dataframe for inst Bool[0, 1, 0, 0, 0, 1, 1] created!
dataframe for inst Bool[1, 0, 0, 1, 1, 0, 0] created!
dataframe for inst Bool[0, 1, 0, 1, 1, 0, 1] created!
dataframe for inst Bool[0, 1, 0, 1, 1, 0, 1] created!
dataframe for inst Bool[1, 0, 0, 1, 0, 0, 0] created!
dataframe for inst Bool[0, 1, 0, 0, 1, 1, 0] created!
dataframe for inst Bool[0, 1, 1, 0, 1, 1, 0] created!
dataframe for inst Bool[1, 1, 0, 1, 1, 1, 0] created!
dataframe for inst Bool[1, 1, 0, 1, 0, 0, 0] created!
dataframe for inst Bool[0, 1, 0, 1, 1, 1, 0] created!
dataframe for inst Bool[1, 1, 0, 0, 1, 1, 0] created!
dataframe for inst Bool[0, 1, 0, 0, 1, 1, 0] created!
dataframe for inst Bool[0, 1, 0, 1, 0, 1, 0] created!
dataframe for inst Bool[0, 1, 0, 1, 1, 0, 0] created!
dataframe for inst Bool[1, 1, 0, 1, 1, 0, 0] created!
dataframe for inst Bool[0, 1, 0, 1, 1, 0, 0] created!
dataframe for inst Bool[0, 1, 1, 1, 1, 1, 0] created!
dataframe for inst Bool[0, 1, 1, 0, 1, 1, 0] created!
dataframe for inst Bool[0, 1, 1, 1, 0, 1, 0] created!
dataframe for inst Bool[1, 1, 0, 1, 1, 1, 0] created!
dataframe for inst Bool[0, 1, 0, 0, 1, 0, 0] created!
dataframe for inst Bool[0, 1, 1, 1, 1, 0, 0] created!
dataframe for inst Bool[0, 1, 0, 1, 1, 1, 0] created!
dataframe for inst Bool[1, 1, 0, 0, 1, 0, 1] created!
dataframe for inst Bool[0, 1, 1, 1, 1, 0, 0] created!
dataframe for inst Bool[0, 1, 0, 1, 1, 1, 0] created!
dataframe for inst Bool[0, 1, 0, 1, 1, 0, 0] created!
dataframe for inst Bool[1, 1, 0, 1, 0, 1, 0] created!
dataframe for inst Bool[0, 1, 1, 0, 1, 0, 0] created!
dataframe for inst Bool[1, 0, 0, 0, 1, 1, 0] created!
dataframe for inst Bool[0, 1, 0, 1, 1, 1, 1] created!
dataframe for inst Bool[0, 1, 0, 0, 1, 0, 0] created!
dataframe for inst Bool[1, 0, 0, 0, 1, 1, 0] created!
dataframe for inst Bool[0, 1, 0, 0, 1, 1, 0] created!
dataframe for inst Bool[0, 1, 1, 0, 1, 0, 0] created!
dataframe for inst Bool[0, 1, 0, 0, 1, 0, 0] created!
dataframe for inst Bool[1, 0, 0, 1, 1, 1, 0] created!
dataframe for inst Bool[0, 1, 0, 1, 1, 1, 0] created!
dataframe for inst Bool[0, 1, 1, 1, 1, 0, 0] created!
dataframe for inst Bool[0, 1, 1, 1, 0, 0, 0] created!
dataframe for inst Bool[0, 1, 0, 1, 1, 0, 0] created!
dataframe for inst Bool[0, 1, 0, 0, 1, 1, 0] created!
dataframe for inst Bool[1, 0, 1, 0, 1, 0, 0] created!
dataframe for inst Bool[1, 0, 0, 1, 0, 1, 0] created!
dataframe for inst Bool[0, 1, 1, 1, 1, 0, 0] created!
dataframe for inst Bool[0, 1, 0, 0, 0, 0, 0] created!
dataframe for inst Bool[0, 1, 0, 0, 1, 0, 0] created!
dataframe for inst Bool[0, 1, 0, 1, 1, 0, 0] created!
dataframe for inst Bool[0, 1, 0, 1, 0, 1, 0] created!
dataframe for inst Bool[1, 0, 0, 1, 1, 1, 1] created!
dataframe for inst Bool[1, 1, 0, 0, 1, 0, 0] created!
dataframe for inst Bool[1, 1, 1, 1, 1, 0, 1] created!
dataframe for inst Bool[1, 0, 0, 1, 1, 0, 1] created!
dataframe for inst Bool[0, 1, 0, 1, 1, 1, 0] created!
dataframe for inst Bool[0, 1, 0, 1, 1, 1, 0] created!
dataframe for inst Bool[0, 1, 1, 0, 1, 0, 0] created!
dataframe for inst Bool[0, 1, 0, 0, 1, 1, 0] created!
dataframe for inst Bool[0, 1, 0, 0, 1, 0, 0] created!
writing 3_test.csv to - /Users/harshit/Documents/GitHub/generating-SE-insights/analysis/data/exp2/3_test.csv
dataframe for inst Bool[1, 0, 0, 1, 1, 0, 1] created!
dataframe for inst Bool[1, 1, 0, 1, 1, 0, 0] created!
dataframe for inst Bool[0, 1, 1, 1, 1, 0, 0] created!
dataframe for inst Bool[1, 0, 0, 1, 1, 1, 0] created!
dataframe for inst Bool[0, 1, 0, 0, 1, 0, 0] created!
dataframe for inst Bool[0, 1, 0, 1, 1, 0, 0] created!
dataframe for inst Bool[1, 0, 1, 1, 1, 0, 1] created!
dataframe for inst Bool[1, 0, 0, 1, 0, 1, 0] created!
dataframe for inst Bool[1, 1, 0, 1, 1, 1, 0] created!
dataframe for inst Bool[1, 0, 0, 1, 1, 1, 0] created!
dataframe for inst Bool[1, 0, 0, 1, 1, 0, 1] created!
dataframe for inst Bool[1, 0, 1, 1, 1, 0, 0] created!
dataframe for inst Bool[1, 0, 0, 1, 1, 1, 1] created!
dataframe for inst Bool[1, 1, 0, 0, 0, 1, 1] created!
dataframe for inst Bool[1, 0, 0, 1, 1, 0, 0] created!
dataframe for inst Bool[1, 0, 0, 1, 1, 0, 0] created!
dataframe for inst Bool[0, 1, 1, 1, 1, 0, 0] created!
dataframe for inst Bool[1, 1, 1, 1, 1, 0, 0] created!
dataframe for inst Bool[0, 1, 0, 0, 1, 1, 0] created!
dataframe for inst Bool[1, 0, 0, 0, 1, 1, 0] created!
dataframe for inst Bool[1, 0, 1, 1, 1, 1, 0] created!
dataframe for inst Bool[0, 1, 0, 1, 1, 1, 0] created!
dataframe for inst Bool[1, 1, 0, 1, 0, 1, 0] created!
dataframe for inst Bool[1, 0, 0, 1, 1, 0, 1] created!
dataframe for inst Bool[1, 0, 0, 0, 1, 0, 0] created!
dataframe for inst Bool[0, 1, 1, 1, 1, 0, 0] created!
dataframe for inst Bool[1, 0, 0, 0, 1, 0, 0] created!
dataframe for inst Bool[0, 1, 1, 1, 1, 1, 0] created!
dataframe for inst Bool[0, 1, 0, 1, 1, 0, 0] created!
dataframe for inst Bool[1, 1, 0, 0, 1, 0, 0] created!
dataframe for inst Bool[0, 1, 0, 0, 1, 0, 1] created!
dataframe for inst Bool[1, 0, 0, 0, 1, 1, 0] created!
dataframe for inst Bool[1, 0, 0, 0, 1, 1, 0] created!
dataframe for inst Bool[0, 1, 1, 1, 0, 0, 0] created!
dataframe for inst Bool[0, 1, 0, 1, 1, 1, 1] created!
dataframe for inst Bool[1, 0, 0, 1, 1, 0, 0] created!
dataframe for inst Bool[1, 1, 0, 1, 1, 1, 0] created!
dataframe for inst Bool[0, 0, 1, 1, 1, 0, 0] created!
dataframe for inst Bool[0, 1, 0, 1, 0, 1, 0] created!
dataframe for inst Bool[0, 1, 1, 1, 1, 0, 0] created!
dataframe for inst Bool[1, 1, 0, 1, 1, 0, 0] created!
dataframe for inst Bool[1, 0, 0, 1, 0, 1, 1] created!
dataframe for inst Bool[0, 1, 0, 0, 0, 1, 1] created!
dataframe for inst Bool[1, 0, 0, 1, 1, 0, 0] created!
dataframe for inst Bool[0, 1, 0, 1, 1, 0, 1] created!
dataframe for inst Bool[0, 1, 0, 1, 1, 0, 1] created!
dataframe for inst Bool[1, 0, 0, 1, 0, 0, 0] created!
dataframe for inst Bool[0, 1, 0, 0, 1, 1, 0] created!
dataframe for inst Bool[0, 1, 1, 0, 1, 1, 0] created!
dataframe for inst Bool[1, 1, 0, 1, 1, 1, 0] created!
dataframe for inst Bool[1, 1, 0, 1, 0, 0, 0] created!
dataframe for inst Bool[0, 1, 0, 1, 1, 1, 0] created!
dataframe for inst Bool[1, 1, 0, 0, 1, 1, 0] created!
dataframe for inst Bool[0, 1, 0, 0, 1, 1, 0] created!
dataframe for inst Bool[0, 1, 0, 1, 0, 1, 0] created!
dataframe for inst Bool[0, 1, 0, 1, 1, 0, 0] created!
dataframe for inst Bool[1, 1, 0, 1, 1, 0, 0] created!
dataframe for inst Bool[0, 1, 0, 1, 1, 0, 0] created!
dataframe for inst Bool[0, 1, 1, 1, 1, 1, 0] created!
dataframe for inst Bool[0, 1, 1, 0, 1, 1, 0] created!
dataframe for inst Bool[0, 1, 1, 1, 0, 1, 0] created!
dataframe for inst Bool[1, 1, 0, 1, 1, 1, 0] created!
dataframe for inst Bool[0, 1, 0, 0, 1, 0, 0] created!
dataframe for inst Bool[0, 1, 1, 1, 1, 0, 0] created!
dataframe for inst Bool[0, 1, 0, 1, 1, 1, 0] created!
dataframe for inst Bool[1, 1, 0, 0, 1, 0, 1] created!
dataframe for inst Bool[0, 1, 1, 1, 1, 0, 0] created!
dataframe for inst Bool[0, 1, 0, 1, 1, 1, 0] created!
dataframe for inst Bool[0, 1, 0, 1, 1, 0, 0] created!
dataframe for inst Bool[1, 1, 0, 1, 0, 1, 0] created!
dataframe for inst Bool[0, 1, 1, 0, 1, 0, 0] created!
dataframe for inst Bool[1, 0, 0, 0, 1, 1, 0] created!
dataframe for inst Bool[0, 1, 0, 1, 1, 1, 1] created!
dataframe for inst Bool[0, 1, 0, 0, 1, 0, 0] created!
dataframe for inst Bool[1, 0, 0, 0, 1, 1, 0] created!
dataframe for inst Bool[0, 1, 0, 0, 1, 1, 0] created!
dataframe for inst Bool[0, 1, 1, 0, 1, 0, 0] created!
dataframe for inst Bool[0, 1, 0, 0, 1, 0, 0] created!
dataframe for inst Bool[1, 0, 0, 1, 1, 1, 0] created!
dataframe for inst Bool[0, 1, 0, 1, 1, 1, 0] created!
dataframe for inst Bool[0, 1, 1, 1, 1, 0, 0] created!
dataframe for inst Bool[0, 1, 1, 1, 0, 0, 0] created!
dataframe for inst Bool[0, 1, 0, 1, 1, 0, 0] created!
dataframe for inst Bool[0, 1, 0, 0, 1, 1, 0] created!
dataframe for inst Bool[1, 0, 1, 0, 1, 0, 0] created!
dataframe for inst Bool[1, 0, 0, 1, 0, 1, 0] created!
dataframe for inst Bool[0, 1, 1, 1, 1, 0, 0] created!
dataframe for inst Bool[0, 1, 0, 0, 0, 0, 0] created!
dataframe for inst Bool[0, 1, 0, 0, 1, 0, 0] created!
dataframe for inst Bool[0, 1, 0, 1, 1, 0, 0] created!
dataframe for inst Bool[0, 1, 0, 1, 0, 1, 0] created!
dataframe for inst Bool[1, 0, 0, 1, 1, 1, 1] created!
dataframe for inst Bool[1, 1, 0, 0, 1, 0, 0] created!
dataframe for inst Bool[1, 1, 1, 1, 1, 0, 1] created!
dataframe for inst Bool[1, 0, 0, 1, 1, 0, 1] created!
dataframe for inst Bool[0, 1, 0, 1, 1, 1, 0] created!
dataframe for inst Bool[0, 1, 0, 1, 1, 1, 0] created!
dataframe for inst Bool[0, 1, 1, 0, 1, 0, 0] created!
dataframe for inst Bool[0, 1, 0, 0, 1, 1, 0] created!
dataframe for inst Bool[0, 1, 0, 0, 1, 0, 0] created!
writing 4_test.csv to - /Users/harshit/Documents/GitHub/generating-SE-insights/analysis/data/exp2/4_test.csv
dataframe for inst Bool[1, 0, 0, 1, 1, 0, 1] created!
dataframe for inst Bool[1, 1, 0, 1, 1, 0, 0] created!
dataframe for inst Bool[0, 1, 1, 1, 1, 0, 0] created!
dataframe for inst Bool[1, 0, 0, 1, 1, 1, 0] created!
dataframe for inst Bool[0, 1, 0, 0, 1, 0, 0] created!
dataframe for inst Bool[0, 1, 0, 1, 1, 0, 0] created!
dataframe for inst Bool[1, 0, 1, 1, 1, 0, 1] created!
dataframe for inst Bool[1, 0, 0, 1, 0, 1, 0] created!
dataframe for inst Bool[1, 1, 0, 1, 1, 1, 0] created!
dataframe for inst Bool[1, 0, 0, 1, 1, 1, 0] created!
dataframe for inst Bool[1, 0, 0, 1, 1, 0, 1] created!
dataframe for inst Bool[1, 0, 1, 1, 1, 0, 0] created!
dataframe for inst Bool[1, 0, 0, 1, 1, 1, 1] created!
dataframe for inst Bool[1, 1, 0, 0, 0, 1, 1] created!
dataframe for inst Bool[1, 0, 0, 1, 1, 0, 0] created!
dataframe for inst Bool[1, 0, 0, 1, 1, 0, 0] created!
dataframe for inst Bool[0, 1, 1, 1, 1, 0, 0] created!
dataframe for inst Bool[1, 1, 1, 1, 1, 0, 0] created!
dataframe for inst Bool[0, 1, 0, 0, 1, 1, 0] created!
dataframe for inst Bool[1, 0, 0, 0, 1, 1, 0] created!
dataframe for inst Bool[1, 0, 1, 1, 1, 1, 0] created!
dataframe for inst Bool[0, 1, 0, 1, 1, 1, 0] created!
dataframe for inst Bool[1, 1, 0, 1, 0, 1, 0] created!
dataframe for inst Bool[1, 0, 0, 1, 1, 0, 1] created!
dataframe for inst Bool[1, 0, 0, 0, 1, 0, 0] created!
dataframe for inst Bool[0, 1, 1, 1, 1, 0, 0] created!
dataframe for inst Bool[1, 0, 0, 0, 1, 0, 0] created!
dataframe for inst Bool[0, 1, 1, 1, 1, 1, 0] created!
dataframe for inst Bool[0, 1, 0, 1, 1, 0, 0] created!
dataframe for inst Bool[1, 1, 0, 0, 1, 0, 0] created!
dataframe for inst Bool[0, 1, 0, 0, 1, 0, 1] created!
dataframe for inst Bool[1, 0, 0, 0, 1, 1, 0] created!
dataframe for inst Bool[1, 0, 0, 0, 1, 1, 0] created!
dataframe for inst Bool[0, 1, 1, 1, 0, 0, 0] created!
dataframe for inst Bool[0, 1, 0, 1, 1, 1, 1] created!
dataframe for inst Bool[1, 0, 0, 1, 1, 0, 0] created!
dataframe for inst Bool[1, 1, 0, 1, 1, 1, 0] created!
dataframe for inst Bool[0, 0, 1, 1, 1, 0, 0] created!
dataframe for inst Bool[0, 1, 0, 1, 0, 1, 0] created!
dataframe for inst Bool[0, 1, 1, 1, 1, 0, 0] created!
dataframe for inst Bool[1, 1, 0, 1, 1, 0, 0] created!
dataframe for inst Bool[1, 0, 0, 1, 0, 1, 1] created!
dataframe for inst Bool[0, 1, 0, 0, 0, 1, 1] created!
dataframe for inst Bool[1, 0, 0, 1, 1, 0, 0] created!
dataframe for inst Bool[0, 1, 0, 1, 1, 0, 1] created!
dataframe for inst Bool[0, 1, 0, 1, 1, 0, 1] created!
dataframe for inst Bool[1, 0, 0, 1, 0, 0, 0] created!
dataframe for inst Bool[0, 1, 0, 0, 1, 1, 0] created!
dataframe for inst Bool[0, 1, 1, 0, 1, 1, 0] created!
dataframe for inst Bool[1, 1, 0, 1, 1, 1, 0] created!
dataframe for inst Bool[1, 1, 0, 1, 0, 0, 0] created!
dataframe for inst Bool[0, 1, 0, 1, 1, 1, 0] created!
dataframe for inst Bool[1, 1, 0, 0, 1, 1, 0] created!
dataframe for inst Bool[0, 1, 0, 0, 1, 1, 0] created!
dataframe for inst Bool[0, 1, 0, 1, 0, 1, 0] created!
dataframe for inst Bool[0, 1, 0, 1, 1, 0, 0] created!
dataframe for inst Bool[1, 1, 0, 1, 1, 0, 0] created!
dataframe for inst Bool[0, 1, 0, 1, 1, 0, 0] created!
dataframe for inst Bool[0, 1, 1, 1, 1, 1, 0] created!
dataframe for inst Bool[0, 1, 1, 0, 1, 1, 0] created!
dataframe for inst Bool[0, 1, 1, 1, 0, 1, 0] created!
dataframe for inst Bool[1, 1, 0, 1, 1, 1, 0] created!
dataframe for inst Bool[0, 1, 0, 0, 1, 0, 0] created!
dataframe for inst Bool[0, 1, 1, 1, 1, 0, 0] created!
dataframe for inst Bool[0, 1, 0, 1, 1, 1, 0] created!
dataframe for inst Bool[1, 1, 0, 0, 1, 0, 1] created!
dataframe for inst Bool[0, 1, 1, 1, 1, 0, 0] created!
dataframe for inst Bool[0, 1, 0, 1, 1, 1, 0] created!
dataframe for inst Bool[0, 1, 0, 1, 1, 0, 0] created!
dataframe for inst Bool[1, 1, 0, 1, 0, 1, 0] created!
dataframe for inst Bool[0, 1, 1, 0, 1, 0, 0] created!
dataframe for inst Bool[1, 0, 0, 0, 1, 1, 0] created!
dataframe for inst Bool[0, 1, 0, 1, 1, 1, 1] created!
dataframe for inst Bool[0, 1, 0, 0, 1, 0, 0] created!
dataframe for inst Bool[1, 0, 0, 0, 1, 1, 0] created!
dataframe for inst Bool[0, 1, 0, 0, 1, 1, 0] created!
dataframe for inst Bool[0, 1, 1, 0, 1, 0, 0] created!
dataframe for inst Bool[0, 1, 0, 0, 1, 0, 0] created!
dataframe for inst Bool[1, 0, 0, 1, 1, 1, 0] created!
dataframe for inst Bool[0, 1, 0, 1, 1, 1, 0] created!
dataframe for inst Bool[0, 1, 1, 1, 1, 0, 0] created!
dataframe for inst Bool[0, 1, 1, 1, 0, 0, 0] created!
dataframe for inst Bool[0, 1, 0, 1, 1, 0, 0] created!
dataframe for inst Bool[0, 1, 0, 0, 1, 1, 0] created!
dataframe for inst Bool[1, 0, 1, 0, 1, 0, 0] created!
dataframe for inst Bool[1, 0, 0, 1, 0, 1, 0] created!
dataframe for inst Bool[0, 1, 1, 1, 1, 0, 0] created!
dataframe for inst Bool[0, 1, 0, 0, 0, 0, 0] created!
dataframe for inst Bool[0, 1, 0, 0, 1, 0, 0] created!
dataframe for inst Bool[0, 1, 0, 1, 1, 0, 0] created!
dataframe for inst Bool[0, 1, 0, 1, 0, 1, 0] created!
dataframe for inst Bool[1, 0, 0, 1, 1, 1, 1] created!
dataframe for inst Bool[1, 1, 0, 0, 1, 0, 0] created!
dataframe for inst Bool[1, 1, 1, 1, 1, 0, 1] created!
dataframe for inst Bool[1, 0, 0, 1, 1, 0, 1] created!
dataframe for inst Bool[0, 1, 0, 1, 1, 1, 0] created!
dataframe for inst Bool[0, 1, 0, 1, 1, 1, 0] created!
dataframe for inst Bool[0, 1, 1, 0, 1, 0, 0] created!
dataframe for inst Bool[0, 1, 0, 0, 1, 1, 0] created!
dataframe for inst Bool[0, 1, 0, 0, 1, 0, 0] created!
writing 5_test.csv to - /Users/harshit/Documents/GitHub/generating-SE-insights/analysis/data/exp2/5_test.csv
created K_3,4,5
Done with Predict_all_se for Nlat
Calling predict all se for Fair
Done predict all se for Fair
